2025-04-05 14:29:51 [nioEventLoopGroup-3-2] INFO  server.controller.ClientHandler - Received request: Request[serverCommand=get/topics/name, clientCommand=create vote -t=top -n=1, login=z, body=top]
2025-04-05 14:29:51 [nioEventLoopGroup-3-2] INFO  server.controller.ClientHandler - Sending response: Response[status=200, clientCommand=create vote -t=top -n=1, body=ff|r1]
2025-04-05 14:30:01 [nioEventLoopGroup-3-2] INFO  server.controller.ClientHandler - Received request: Request[serverCommand=post/votes, clientCommand=create vote -t=top -n=2, login=z, body=top|yy|sfs|2|tt|hh]
2025-04-05 14:30:01 [nioEventLoopGroup-3-2] INFO  server.controller.ClientHandler - Sending response: Response[status=200, clientCommand=create vote -t=top -n=2, body=null]
2025-04-05 14:30:10 [nioEventLoopGroup-3-2] INFO  server.controller.ClientHandler - Received request: Request[serverCommand=get/topics/name, clientCommand=view -t=top, login=z, body=top]
2025-04-05 14:30:10 [nioEventLoopGroup-3-2] INFO  server.controller.ClientHandler - Sending response: Response[status=200, clientCommand=view -t=top, body=ff|yy|r1]
2025-04-05 14:30:23 [nioEventLoopGroup-3-2] INFO  server.controller.ClientHandler - Received request: Request[serverCommand=get/votes/name, clientCommand=view -t=top -v=yy, login=z, body=top|yy]
2025-04-05 14:30:23 [nioEventLoopGroup-3-2] INFO  server.controller.ClientHandler - Sending response: Response[status=200, clientCommand=view -t=top -v=yy, body=sfs|tt|0|hh|0]
2025-04-05 14:31:58 [nioEventLoopGroup-3-2] INFO  server.controller.ClientHandler - Received request: Request[serverCommand=get/votes/name, clientCommand=vote -t=top -v=yy -n=1, login=z, body=top|yy]
2025-04-05 14:31:58 [nioEventLoopGroup-3-2] INFO  server.controller.ClientHandler - Sending response: Response[status=200, clientCommand=vote -t=top -v=yy -n=1, body=sfs|tt|0|hh|0]
2025-04-05 14:32:04 [nioEventLoopGroup-3-2] INFO  server.controller.ClientHandler - Received request: Request[serverCommand=post/vote, clientCommand=vote -t=top -v=yy -n=2, login=z, body=top|yy|tt]
2025-04-05 14:32:04 [nioEventLoopGroup-3-2] INFO  server.controller.ClientHandler - Sending response: Response[status=200, clientCommand=vote -t=top -v=yy -n=2, body=null]
2025-04-05 14:32:37 [nioEventLoopGroup-3-2] INFO  server.controller.ClientHandler - Received request: Request[serverCommand=get/votes/name, clientCommand=view -t=top -v=yy, login=z, body=top|yy]
2025-04-05 14:32:37 [nioEventLoopGroup-3-2] INFO  server.controller.ClientHandler - Sending response: Response[status=200, clientCommand=view -t=top -v=yy, body=sfs|tt|1|hh|0]
2025-04-05 14:32:41 [nioEventLoopGroup-3-2] INFO  server.controller.ClientHandler - Received request: Request[serverCommand=get/votes/name, clientCommand=vote -t=top -v=yy -n=1, login=z, body=top|yy]
2025-04-05 14:32:41 [nioEventLoopGroup-3-2] INFO  server.controller.ClientHandler - Sending response: Response[status=200, clientCommand=vote -t=top -v=yy -n=1, body=sfs|tt|1|hh|0]
2025-04-05 14:32:43 [nioEventLoopGroup-3-2] INFO  server.controller.ClientHandler - Received request: Request[serverCommand=post/vote, clientCommand=vote -t=top -v=yy -n=2, login=z, body=top|yy|hh]
2025-04-05 14:32:43 [nioEventLoopGroup-3-2] INFO  server.controller.ClientHandler - Sending response: Response[status=409, clientCommand=vote -t=top -v=yy -n=2, body=Вы уже принимали участие в этом голосовании.]
2025-04-05 14:33:22 [nioEventLoopGroup-3-2] INFO  server.controller.ClientHandler - Received request: Request[serverCommand=delete/votes, clientCommand=delete -t=top -v=ff, login=z, body=top|ff]
2025-04-05 14:33:22 [nioEventLoopGroup-3-2] INFO  server.controller.ClientHandler - Sending response: Response[status=200, clientCommand=delete -t=top -v=ff, body=null]
2025-04-05 14:33:49 [nioEventLoopGroup-3-2] INFO  server.controller.ClientHandler - Received request: Request[serverCommand=get/topics/name, clientCommand=view -t=top, login=z, body=top]
2025-04-05 14:33:49 [nioEventLoopGroup-3-2] INFO  server.controller.ClientHandler - Sending response: Response[status=200, clientCommand=view -t=top, body=yy|r1]
2025-04-05 14:35:43 [nioEventLoopGroup-3-3] INFO  server.controller.ClientHandler - Received request: Request[serverCommand=get/topics, clientCommand=view, login=t, body=null]
2025-04-05 14:35:43 [nioEventLoopGroup-3-3] INFO  server.controller.ClientHandler - Sending response: Response[status=200, clientCommand=view, body=pop|0|top|2]
2025-04-05 14:35:51 [nioEventLoopGroup-3-3] INFO  server.controller.ClientHandler - Received request: Request[serverCommand=get/topics/name, clientCommand=view -t=top, login=t, body=top]
2025-04-05 14:35:51 [nioEventLoopGroup-3-3] INFO  server.controller.ClientHandler - Sending response: Response[status=200, clientCommand=view -t=top, body=yy|r1]
2025-04-05 14:36:04 [nioEventLoopGroup-3-3] INFO  server.controller.ClientHandler - Received request: Request[serverCommand=delete/votes, clientCommand=delete -t=top -v=yy, login=t, body=top|yy]
2025-04-05 14:36:04 [nioEventLoopGroup-3-3] INFO  server.controller.ClientHandler - Sending response: Response[status=409, clientCommand=delete -t=top -v=yy, body=Вы не являетесь создателем этого голосования.]
2025-04-05 15:27:12 [restartedMain] INFO  server.NettyServer - Остановка Netty-сервера...
2025-04-05 15:27:12 [restartedMain] INFO  server.NettyServer - Netty-сервер остановлен.
2025-04-05 17:48:34 [restartedMain] INFO  server.Application - Starting Application using Java 21.0.5 with PID 13168 (C:\Users\sasha\IdeaProjects\NettyClientServer\server\target\classes started by Alexander in C:\Users\sasha\IdeaProjects\NettyClientServer)
2025-04-05 17:48:34 [restartedMain] INFO  server.Application - No active profile set, falling back to 1 default profile: "default"
2025-04-05 17:48:35 [Thread-4] INFO  server.NettyServer - Netty-сервер запущен на порту 8080
2025-04-05 17:48:35 [restartedMain] INFO  server.Application - Started Application in 0.824 seconds (process running for 1.375)
2025-04-05 17:50:23 [SpringApplicationShutdownHook] INFO  server.NettyServer - Остановка Netty-сервера...
2025-04-05 17:50:23 [SpringApplicationShutdownHook] INFO  server.NettyServer - Netty-сервер остановлен.
2025-04-05 17:51:39 [restartedMain] INFO  server.Application - Starting Application using Java 21.0.5 with PID 17828 (C:\Users\sasha\IdeaProjects\NettyClientServer\server\target\classes started by Alexander in C:\Users\sasha\IdeaProjects\NettyClientServer)
2025-04-05 17:51:39 [restartedMain] INFO  server.Application - No active profile set, falling back to 1 default profile: "default"
2025-04-05 17:51:40 [Thread-4] INFO  server.NettyServer - Netty-сервер запущен на порту 8080
2025-04-05 17:51:40 [restartedMain] INFO  server.Application - Started Application in 0.815 seconds (process running for 1.379)
2025-04-05 17:52:10 [nioEventLoopGroup-3-1] INFO  server.controller.ClientHandler - Received request: Request[serverCommand=get/topics, clientCommand=view, login=t, body=null]
2025-04-05 17:52:10 [nioEventLoopGroup-3-1] INFO  server.controller.ClientHandler - Sending response: Response[status=200, clientCommand=view, body=pop|0|top|2]
2025-04-05 17:53:02 [nioEventLoopGroup-3-1] INFO  server.controller.ClientHandler - Received request: Request[serverCommand=get/topics/name, clientCommand=view -t=pop, login=t, body=pop]
2025-04-05 17:53:02 [nioEventLoopGroup-3-1] INFO  server.controller.ClientHandler - Sending response: Response[status=200, clientCommand=view -t=pop, body=]
2025-04-05 17:53:18 [nioEventLoopGroup-3-1] INFO  server.controller.ClientHandler - Received request: Request[serverCommand=get/topics/name, clientCommand=view -t=top, login=t, body=top]
2025-04-05 17:53:18 [nioEventLoopGroup-3-1] INFO  server.controller.ClientHandler - Sending response: Response[status=200, clientCommand=view -t=top, body=yy|r1]
2025-04-05 17:53:38 [nioEventLoopGroup-3-1] INFO  server.controller.ClientHandler - Received request: Request[serverCommand=get/votes/name, clientCommand=view -t=top -v=r1, login=t, body=top|r1]
2025-04-05 17:53:38 [nioEventLoopGroup-3-1] INFO  server.controller.ClientHandler - Sending response: Response[status=200, clientCommand=view -t=top -v=r1, body=aaaaaaaa||0|qqqq|0]
2025-04-05 17:54:02 [nioEventLoopGroup-3-1] INFO  server.controller.ClientHandler - Received request: Request[serverCommand=delete/votes, clientCommand=delete -t=top -v=r1, login=t, body=top|r1]
2025-04-05 17:54:02 [nioEventLoopGroup-3-1] INFO  server.controller.ClientHandler - Sending response: Response[status=409, clientCommand=delete -t=top -v=r1, body=Вы не являетесь создателем этого голосования.]
2025-04-05 17:54:16 [nioEventLoopGroup-3-1] INFO  server.controller.ClientHandler - Received request: Request[serverCommand=post/topics, clientCommand=create topic -n=sas, login=t, body=sas]
2025-04-05 17:54:16 [nioEventLoopGroup-3-1] INFO  server.controller.ClientHandler - Sending response: Response[status=200, clientCommand=create topic -n=sas, body=null]
2025-04-05 17:54:20 [nioEventLoopGroup-3-1] INFO  server.controller.ClientHandler - Received request: Request[serverCommand=get/topics, clientCommand=view, login=t, body=null]
2025-04-05 17:54:20 [nioEventLoopGroup-3-1] INFO  server.controller.ClientHandler - Sending response: Response[status=200, clientCommand=view, body=pop|0|top|2|sas|0]
2025-04-05 17:54:37 [nioEventLoopGroup-3-1] INFO  server.controller.ClientHandler - Received request: Request[serverCommand=get/topics/name, clientCommand=create vote -t=sas -n=1, login=t, body=sas]
2025-04-05 17:54:37 [nioEventLoopGroup-3-1] INFO  server.controller.ClientHandler - Sending response: Response[status=200, clientCommand=create vote -t=sas -n=1, body=]
2025-04-05 17:54:57 [nioEventLoopGroup-3-1] INFO  server.controller.ClientHandler - Received request: Request[serverCommand=post/votes, clientCommand=create vote -t=sas -n=2, login=t, body=sas|php|hhhhhhhhhhhh||a|b|c]
2025-04-05 17:54:57 [nioEventLoopGroup-3-1] INFO  server.controller.ClientHandler - Sending response: Response[status=200, clientCommand=create vote -t=sas -n=2, body=null]
2025-04-05 17:55:06 [nioEventLoopGroup-3-1] INFO  server.controller.ClientHandler - Received request: Request[serverCommand=get/topics, clientCommand=view, login=t, body=null]
2025-04-05 17:55:06 [nioEventLoopGroup-3-1] INFO  server.controller.ClientHandler - Sending response: Response[status=200, clientCommand=view, body=pop|0|top|2|sas|1]
2025-04-05 17:55:19 [nioEventLoopGroup-3-1] INFO  server.controller.ClientHandler - Received request: Request[serverCommand=get/topics/name, clientCommand=view -t=sas, login=t, body=sas]
2025-04-05 17:55:19 [nioEventLoopGroup-3-1] INFO  server.controller.ClientHandler - Sending response: Response[status=200, clientCommand=view -t=sas, body=php]
2025-04-05 17:55:33 [nioEventLoopGroup-3-1] INFO  server.controller.ClientHandler - Received request: Request[serverCommand=get/votes/name, clientCommand=view -t=sas -v=php, login=t, body=sas|php]
2025-04-05 17:55:33 [nioEventLoopGroup-3-1] INFO  server.controller.ClientHandler - Sending response: Response[status=200, clientCommand=view -t=sas -v=php, body=hhhhhhhhhhhh||0|a|0|b|0|c|0]
2025-04-05 17:57:54 [nioEventLoopGroup-3-2] INFO  server.controller.ClientHandler - Received request: Request[serverCommand=get/topics/name, clientCommand=create vote -t=sas -n=1, login=t, body=sas]
2025-04-05 17:57:54 [nioEventLoopGroup-3-2] INFO  server.controller.ClientHandler - Sending response: Response[status=200, clientCommand=create vote -t=sas -n=1, body=php]
2025-04-05 17:58:03 [nioEventLoopGroup-3-2] INFO  server.controller.ClientHandler - Received request: Request[serverCommand=post/votes, clientCommand=create vote -t=sas -n=2, login=t, body=sas|eee|ggg|r|y|u]
2025-04-05 17:58:03 [nioEventLoopGroup-3-2] INFO  server.controller.ClientHandler - Sending response: Response[status=200, clientCommand=create vote -t=sas -n=2, body=null]
2025-04-05 17:58:17 [nioEventLoopGroup-3-2] INFO  server.controller.ClientHandler - Received request: Request[serverCommand=get/votes/name, clientCommand=view -t=sas -v=eee, login=t, body=sas|eee]
2025-04-05 17:58:17 [nioEventLoopGroup-3-2] INFO  server.controller.ClientHandler - Sending response: Response[status=200, clientCommand=view -t=sas -v=eee, body=ggg|r|0|u|0|y|0]
2025-04-05 17:59:00 [nioEventLoopGroup-3-2] INFO  server.controller.ClientHandler - Received request: Request[serverCommand=get/topics, clientCommand=view, login=t, body=null]
2025-04-05 17:59:00 [nioEventLoopGroup-3-2] INFO  server.controller.ClientHandler - Sending response: Response[status=200, clientCommand=view, body=pop|0|top|2|sas|2]
2025-04-05 17:59:16 [nioEventLoopGroup-3-2] INFO  server.controller.ClientHandler - Received request: Request[serverCommand=get/topics/name, clientCommand=view -t=top, login=t, body=top]
2025-04-05 17:59:16 [nioEventLoopGroup-3-2] INFO  server.controller.ClientHandler - Sending response: Response[status=200, clientCommand=view -t=top, body=yy|r1]
2025-04-05 17:59:30 [nioEventLoopGroup-3-2] INFO  server.controller.ClientHandler - Received request: Request[serverCommand=get/votes/name, clientCommand=vote -t=top -v=r1 -n=1, login=t, body=top|r1]
2025-04-05 17:59:30 [nioEventLoopGroup-3-2] INFO  server.controller.ClientHandler - Sending response: Response[status=200, clientCommand=vote -t=top -v=r1 -n=1, body=aaaaaaaa||0|qqqq|0]
2025-04-05 17:59:34 [nioEventLoopGroup-3-2] INFO  server.controller.ClientHandler - Received request: Request[serverCommand=post/vote, clientCommand=vote -t=top -v=r1 -n=2, login=t, body=top|r1|qqqq]
2025-04-05 17:59:34 [nioEventLoopGroup-3-2] INFO  server.controller.ClientHandler - Sending response: Response[status=200, clientCommand=vote -t=top -v=r1 -n=2, body=null]
2025-04-05 17:59:49 [nioEventLoopGroup-3-2] INFO  server.controller.ClientHandler - Received request: Request[serverCommand=get/votes/name, clientCommand=view -t=top -v=r1, login=t, body=top|r1]
2025-04-05 17:59:49 [nioEventLoopGroup-3-2] INFO  server.controller.ClientHandler - Sending response: Response[status=200, clientCommand=view -t=top -v=r1, body=aaaaaaaa||0|qqqq|1]
2025-04-05 18:00:04 [nioEventLoopGroup-3-2] INFO  server.controller.ClientHandler - Received request: Request[serverCommand=delete/votes, clientCommand=delete -t=sas -v=ff, login=t, body=sas|ff]
2025-04-05 18:00:04 [nioEventLoopGroup-3-2] INFO  server.controller.ClientHandler - Sending response: Response[status=404, clientCommand=delete -t=sas -v=ff, body=Голосование с таким названием не существует.]
2025-04-05 18:00:15 [nioEventLoopGroup-3-2] INFO  server.controller.ClientHandler - Received request: Request[serverCommand=delete/votes, clientCommand=delete -t=sas -v=eee, login=t, body=sas|eee]
2025-04-05 18:00:15 [nioEventLoopGroup-3-2] INFO  server.controller.ClientHandler - Sending response: Response[status=200, clientCommand=delete -t=sas -v=eee, body=null]
2025-04-05 18:00:19 [nioEventLoopGroup-3-2] INFO  server.controller.ClientHandler - Received request: Request[serverCommand=get/topics, clientCommand=view, login=t, body=null]
2025-04-05 18:00:19 [nioEventLoopGroup-3-2] INFO  server.controller.ClientHandler - Sending response: Response[status=200, clientCommand=view, body=pop|0|top|2|sas|1]
2025-04-05 18:00:27 [nioEventLoopGroup-3-2] INFO  server.controller.ClientHandler - Received request: Request[serverCommand=get/topics/name, clientCommand=view -t=sas, login=t, body=sas]
2025-04-05 18:00:27 [nioEventLoopGroup-3-2] INFO  server.controller.ClientHandler - Sending response: Response[status=200, clientCommand=view -t=sas, body=php]
2025-04-05 18:00:47 [restartedMain] INFO  server.NettyServer - Остановка Netty-сервера...
2025-04-05 18:00:47 [restartedMain] INFO  server.NettyServer - Netty-сервер остановлен.
2025-04-05 18:01:34 [restartedMain] INFO  server.Application - Starting Application using Java 21.0.5 with PID 12520 (C:\Users\sasha\IdeaProjects\NettyClientServer\server\target\classes started by Alexander in C:\Users\sasha\IdeaProjects\NettyClientServer)
2025-04-05 18:01:34 [restartedMain] INFO  server.Application - No active profile set, falling back to 1 default profile: "default"
2025-04-05 18:01:34 [Thread-4] INFO  server.NettyServer - Netty-сервер запущен на порту 8080
2025-04-05 18:01:34 [restartedMain] INFO  server.Application - Started Application in 0.799 seconds (process running for 1.365)
2025-04-05 18:01:55 [nioEventLoopGroup-3-1] INFO  server.controller.ClientHandler - Received request: Request[serverCommand=get/topics, clientCommand=view, login=t, body=null]
2025-04-05 18:01:55 [nioEventLoopGroup-3-1] INFO  server.controller.ClientHandler - Sending response: Response[status=200, clientCommand=view, body=]
2025-04-05 18:02:00 [restartedMain] INFO  server.NettyServer - Остановка Netty-сервера...
2025-04-05 18:02:00 [restartedMain] INFO  server.NettyServer - Netty-сервер остановлен.
2025-04-05 18:05:33 [restartedMain] INFO  server.Application - Starting Application using Java 21.0.5 with PID 17936 (C:\Users\sasha\IdeaProjects\NettyClientServer\server\target\classes started by Alexander in C:\Users\sasha\IdeaProjects\NettyClientServer)
2025-04-05 18:05:33 [restartedMain] INFO  server.Application - No active profile set, falling back to 1 default profile: "default"
2025-04-05 18:05:34 [Thread-4] INFO  server.NettyServer - Netty-сервер запущен на порту 8080
2025-04-05 18:05:34 [restartedMain] INFO  server.Application - Started Application in 0.813 seconds (process running for 1.365)
2025-04-05 18:05:53 [nioEventLoopGroup-3-1] INFO  server.controller.ClientHandler - Received request: Request[serverCommand=get/topics, clientCommand=view, login=t, body=null]
2025-04-05 18:05:53 [nioEventLoopGroup-3-1] INFO  server.controller.ClientHandler - Sending response: Response[status=200, clientCommand=view, body=]
2025-04-05 18:05:57 [restartedMain] INFO  server.NettyServer - Остановка Netty-сервера...
2025-04-05 18:05:57 [restartedMain] INFO  server.NettyServer - Netty-сервер остановлен.
